<?xml version="1.0" encoding="UTF-8"?>
<!-- Generated by org.testng.reporters.JUnitXMLReporter -->
<testsuite ignored="0" hostname="DESKTOP-MU1UQ23" failures="1" tests="2" name="Test" time="24.699" errors="0" timestamp="2021-12-23T20:09:22 IST">
  <testcase classname="Tests.LoginTestClass" name="navigate" time="11.344"/>
  <testcase classname="Tests.LoginTestClass" name="login" time="7.103">
    <failure type="java.lang.AssertionError" message="expected [false] but found [true]">
      <![CDATA[java.lang.AssertionError: expected [false] but found [true]
at Tests.LoginTestClass.login(LoginTestClass.java:32)
at java.base/java.util.ArrayList.forEach(ArrayList.java:1540)
... Removed 31 stack frames]]>
    </failure>
  </testcase> <!-- login -->
</testsuite> <!-- Test -->
